Sat, 11 Jun 2016 13:57:17 web.py[line:1946] INFO 200 GET /index2 (::1) 11.01ms
Sat, 11 Jun 2016 13:57:18 web.py[line:1946] INFO 200 GET /static/common/css/bootstrap.min.css?v=3bb1820bf7402fd98b3e491feffcd296 (::1) 197.13ms
Sat, 11 Jun 2016 13:57:18 web.py[line:1946] INFO 200 GET /static/home/css/base.css?v=304b73da673f2f40e1acdd0f70b20651 (::1) 1.00ms
Sat, 11 Jun 2016 13:57:18 web.py[line:1946] INFO 200 GET /static/common/plugins/bootstrap-validator/bootstrapValidator.min.css?v=6ec6e645b227b06204ea7803bfc4ff71 (::1) 1.00ms
Sat, 11 Jun 2016 13:57:18 web.py[line:1946] INFO 200 GET /static/common/plugins/bootstrap-fileinput/css/fileinput.min.css?v=6dd4d49828b442e812b824c983689017 (::1) 1.00ms
Sat, 11 Jun 2016 13:57:18 web.py[line:1946] INFO 200 GET /static/home/css/index.css?v=6105d3f34e825fb05647a59d7d8692c5 (::1) 2.00ms
Sat, 11 Jun 2016 13:57:18 web.py[line:1946] INFO 200 GET /static/common/js/bootstrap.min.js?v=e7d9a06cf9053c51cd4ad3386da0659a (::1) 2.00ms
Sat, 11 Jun 2016 13:57:18 web.py[line:1946] INFO 200 GET /static/common/plugins/bootstrap-validator/bootstrapValidator.js?v=4467ba1294e7dcbd123adc8fdfb8fd38 (::1) 3.00ms
Sat, 11 Jun 2016 13:57:18 web.py[line:1946] INFO 200 GET /static/common/css/font-awesome.min.css?v=282d915a828fc8d551d936242bc60ef0 (::1) 1.00ms
Sat, 11 Jun 2016 13:57:18 web.py[line:1946] INFO 200 GET /static/common/js/jquery.min.js?v=9a094379d98c6458d480ad5a51c4aa27 (::1) 3.00ms
Sat, 11 Jun 2016 13:57:18 web.py[line:1946] INFO 304 GET /index2 (::1) 12.01ms
Sat, 11 Jun 2016 13:57:19 web.py[line:1946] INFO 304 GET /static/home/css/base.css?v=304b73da673f2f40e1acdd0f70b20651 (::1) 1.00ms
Sat, 11 Jun 2016 13:57:19 web.py[line:1946] INFO 304 GET /static/common/css/font-awesome.min.css?v=282d915a828fc8d551d936242bc60ef0 (::1) 1.00ms
Sat, 11 Jun 2016 13:57:19 web.py[line:1946] INFO 304 GET /static/common/css/bootstrap.min.css?v=3bb1820bf7402fd98b3e491feffcd296 (::1) 2.00ms
Sat, 11 Jun 2016 13:57:19 web.py[line:1946] INFO 304 GET /static/common/plugins/bootstrap-validator/bootstrapValidator.min.css?v=6ec6e645b227b06204ea7803bfc4ff71 (::1) 1.00ms
Sat, 11 Jun 2016 13:57:19 web.py[line:1946] INFO 304 GET /static/common/plugins/bootstrap-fileinput/css/fileinput.min.css?v=6dd4d49828b442e812b824c983689017 (::1) 1.00ms
Sat, 11 Jun 2016 13:57:19 web.py[line:1946] INFO 304 GET /static/common/js/bootstrap.min.js?v=e7d9a06cf9053c51cd4ad3386da0659a (::1) 2.00ms
Sat, 11 Jun 2016 13:57:19 web.py[line:1946] INFO 304 GET /static/home/css/index.css?v=6105d3f34e825fb05647a59d7d8692c5 (::1) 1.00ms
Sat, 11 Jun 2016 13:57:19 web.py[line:1946] INFO 304 GET /static/common/js/jquery.min.js?v=9a094379d98c6458d480ad5a51c4aa27 (::1) 1.00ms
Sat, 11 Jun 2016 13:57:19 web.py[line:1946] INFO 304 GET /static/common/plugins/bootstrap-validator/bootstrapValidator.js?v=4467ba1294e7dcbd123adc8fdfb8fd38 (::1) 1.00ms
Sat, 11 Jun 2016 13:57:30 web.py[line:1946] INFO 200 GET /index2 (::1) 10.01ms
Sat, 11 Jun 2016 13:57:31 web.py[line:1946] INFO 304 GET /static/common/css/bootstrap.min.css?v=3bb1820bf7402fd98b3e491feffcd296 (::1) 2.00ms
Sat, 11 Jun 2016 13:57:31 web.py[line:1946] INFO 304 GET /static/common/css/font-awesome.min.css?v=282d915a828fc8d551d936242bc60ef0 (::1) 2.00ms
Sat, 11 Jun 2016 13:57:31 web.py[line:1946] INFO 304 GET /static/home/css/base.css?v=304b73da673f2f40e1acdd0f70b20651 (::1) 2.00ms
Sat, 11 Jun 2016 13:57:31 web.py[line:1946] INFO 304 GET /static/common/plugins/bootstrap-validator/bootstrapValidator.min.css?v=6ec6e645b227b06204ea7803bfc4ff71 (::1) 2.00ms
Sat, 11 Jun 2016 13:57:31 web.py[line:1946] INFO 304 GET /static/common/plugins/bootstrap-fileinput/css/fileinput.min.css?v=6dd4d49828b442e812b824c983689017 (::1) 1.00ms
Sat, 11 Jun 2016 13:57:31 web.py[line:1946] INFO 304 GET /static/home/css/index.css?v=6105d3f34e825fb05647a59d7d8692c5 (::1) 2.00ms
Sat, 11 Jun 2016 13:57:31 web.py[line:1946] INFO 304 GET /static/common/js/jquery.min.js?v=9a094379d98c6458d480ad5a51c4aa27 (::1) 2.00ms
Sat, 11 Jun 2016 13:57:31 web.py[line:1946] INFO 304 GET /static/common/js/bootstrap.min.js?v=e7d9a06cf9053c51cd4ad3386da0659a (::1) 1.00ms
Sat, 11 Jun 2016 13:57:31 web.py[line:1946] INFO 304 GET /static/common/plugins/bootstrap-validator/bootstrapValidator.js?v=4467ba1294e7dcbd123adc8fdfb8fd38 (::1) 2.00ms
Sat, 11 Jun 2016 13:57:54 web.py[line:1946] INFO 200 GET /index2 (::1) 12.01ms
Sat, 11 Jun 2016 13:57:54 web.py[line:1946] INFO 304 GET /static/common/css/bootstrap.min.css?v=3bb1820bf7402fd98b3e491feffcd296 (::1) 2.00ms
Sat, 11 Jun 2016 13:57:54 web.py[line:1946] INFO 304 GET /static/common/css/font-awesome.min.css?v=282d915a828fc8d551d936242bc60ef0 (::1) 2.00ms
Sat, 11 Jun 2016 13:57:54 web.py[line:1946] INFO 304 GET /static/home/css/base.css?v=304b73da673f2f40e1acdd0f70b20651 (::1) 1.00ms
Sat, 11 Jun 2016 13:57:54 web.py[line:1946] INFO 304 GET /static/common/plugins/bootstrap-validator/bootstrapValidator.min.css?v=6ec6e645b227b06204ea7803bfc4ff71 (::1) 1.00ms
Sat, 11 Jun 2016 13:57:54 web.py[line:1946] INFO 304 GET /static/common/plugins/bootstrap-fileinput/css/fileinput.min.css?v=6dd4d49828b442e812b824c983689017 (::1) 1.00ms
Sat, 11 Jun 2016 13:57:54 web.py[line:1946] INFO 304 GET /static/home/css/index.css?v=6105d3f34e825fb05647a59d7d8692c5 (::1) 2.00ms
Sat, 11 Jun 2016 13:57:54 web.py[line:1946] INFO 304 GET /static/common/js/jquery.min.js?v=9a094379d98c6458d480ad5a51c4aa27 (::1) 2.00ms
Sat, 11 Jun 2016 13:57:54 web.py[line:1946] INFO 304 GET /static/common/js/bootstrap.min.js?v=e7d9a06cf9053c51cd4ad3386da0659a (::1) 2.00ms
Sat, 11 Jun 2016 13:57:54 web.py[line:1946] INFO 304 GET /static/common/plugins/bootstrap-validator/bootstrapValidator.js?v=4467ba1294e7dcbd123adc8fdfb8fd38 (::1) 2.00ms
Sat, 11 Jun 2016 13:58:05 web.py[line:1946] INFO 200 GET /index2 (::1) 8.01ms
Sat, 11 Jun 2016 13:58:05 web.py[line:1946] INFO 304 GET /static/common/css/bootstrap.min.css?v=3bb1820bf7402fd98b3e491feffcd296 (::1) 2.00ms
Sat, 11 Jun 2016 13:58:05 web.py[line:1946] INFO 304 GET /static/common/css/font-awesome.min.css?v=282d915a828fc8d551d936242bc60ef0 (::1) 1.00ms
Sat, 11 Jun 2016 13:58:05 web.py[line:1946] INFO 304 GET /static/home/css/base.css?v=304b73da673f2f40e1acdd0f70b20651 (::1) 2.00ms
Sat, 11 Jun 2016 13:58:05 web.py[line:1946] INFO 304 GET /static/common/plugins/bootstrap-validator/bootstrapValidator.min.css?v=6ec6e645b227b06204ea7803bfc4ff71 (::1) 2.00ms
Sat, 11 Jun 2016 13:58:05 web.py[line:1946] INFO 304 GET /static/common/plugins/bootstrap-fileinput/css/fileinput.min.css?v=6dd4d49828b442e812b824c983689017 (::1) 2.00ms
Sat, 11 Jun 2016 13:58:05 web.py[line:1946] INFO 304 GET /static/home/css/index.css?v=6105d3f34e825fb05647a59d7d8692c5 (::1) 2.00ms
Sat, 11 Jun 2016 13:58:05 web.py[line:1946] INFO 304 GET /static/common/js/jquery.min.js?v=9a094379d98c6458d480ad5a51c4aa27 (::1) 2.00ms
Sat, 11 Jun 2016 13:58:05 web.py[line:1946] INFO 304 GET /static/common/js/bootstrap.min.js?v=e7d9a06cf9053c51cd4ad3386da0659a (::1) 1.00ms
Sat, 11 Jun 2016 13:58:05 web.py[line:1946] INFO 304 GET /static/common/plugins/bootstrap-validator/bootstrapValidator.js?v=4467ba1294e7dcbd123adc8fdfb8fd38 (::1) 1.00ms
Sat, 11 Jun 2016 13:58:21 web.py[line:1946] INFO 200 GET /index2 (::1) 13.01ms
Sat, 11 Jun 2016 13:58:22 web.py[line:1946] INFO 304 GET /static/common/css/bootstrap.min.css?v=3bb1820bf7402fd98b3e491feffcd296 (::1) 2.00ms
Sat, 11 Jun 2016 13:58:22 web.py[line:1946] INFO 304 GET /static/common/css/font-awesome.min.css?v=282d915a828fc8d551d936242bc60ef0 (::1) 2.00ms
Sat, 11 Jun 2016 13:58:22 web.py[line:1946] INFO 304 GET /static/home/css/base.css?v=304b73da673f2f40e1acdd0f70b20651 (::1) 2.00ms
Sat, 11 Jun 2016 13:58:22 web.py[line:1946] INFO 304 GET /static/common/plugins/bootstrap-validator/bootstrapValidator.min.css?v=6ec6e645b227b06204ea7803bfc4ff71 (::1) 2.00ms
Sat, 11 Jun 2016 13:58:22 web.py[line:1946] INFO 304 GET /static/common/plugins/bootstrap-fileinput/css/fileinput.min.css?v=6dd4d49828b442e812b824c983689017 (::1) 1.00ms
Sat, 11 Jun 2016 13:58:22 web.py[line:1946] INFO 304 GET /static/home/css/index.css?v=6105d3f34e825fb05647a59d7d8692c5 (::1) 2.00ms
Sat, 11 Jun 2016 13:58:22 web.py[line:1946] INFO 304 GET /static/common/js/jquery.min.js?v=9a094379d98c6458d480ad5a51c4aa27 (::1) 3.00ms
Sat, 11 Jun 2016 13:58:22 web.py[line:1946] INFO 304 GET /static/common/js/bootstrap.min.js?v=e7d9a06cf9053c51cd4ad3386da0659a (::1) 2.00ms
Sat, 11 Jun 2016 13:58:22 web.py[line:1946] INFO 304 GET /static/common/plugins/bootstrap-validator/bootstrapValidator.js?v=4467ba1294e7dcbd123adc8fdfb8fd38 (::1) 2.00ms
Sat, 11 Jun 2016 13:58:29 web.py[line:1946] INFO 200 GET /index2 (::1) 22.02ms
Sat, 11 Jun 2016 13:58:29 web.py[line:1946] INFO 304 GET /static/common/css/bootstrap.min.css?v=3bb1820bf7402fd98b3e491feffcd296 (::1) 2.00ms
Sat, 11 Jun 2016 13:58:29 web.py[line:1946] INFO 304 GET /static/common/css/font-awesome.min.css?v=282d915a828fc8d551d936242bc60ef0 (::1) 1.00ms
Sat, 11 Jun 2016 13:58:29 web.py[line:1946] INFO 304 GET /static/home/css/base.css?v=304b73da673f2f40e1acdd0f70b20651 (::1) 1.00ms
Sat, 11 Jun 2016 13:58:29 web.py[line:1946] INFO 304 GET /static/common/plugins/bootstrap-validator/bootstrapValidator.min.css?v=6ec6e645b227b06204ea7803bfc4ff71 (::1) 1.00ms
Sat, 11 Jun 2016 13:58:29 web.py[line:1946] INFO 304 GET /static/common/plugins/bootstrap-fileinput/css/fileinput.min.css?v=6dd4d49828b442e812b824c983689017 (::1) 2.00ms
Sat, 11 Jun 2016 13:58:29 web.py[line:1946] INFO 304 GET /static/home/css/index.css?v=6105d3f34e825fb05647a59d7d8692c5 (::1) 2.00ms
Sat, 11 Jun 2016 13:58:29 web.py[line:1946] INFO 304 GET /static/common/js/jquery.min.js?v=9a094379d98c6458d480ad5a51c4aa27 (::1) 1.00ms
Sat, 11 Jun 2016 13:58:29 web.py[line:1946] INFO 304 GET /static/common/js/bootstrap.min.js?v=e7d9a06cf9053c51cd4ad3386da0659a (::1) 1.00ms
Sat, 11 Jun 2016 13:58:29 web.py[line:1946] INFO 304 GET /static/common/plugins/bootstrap-validator/bootstrapValidator.js?v=4467ba1294e7dcbd123adc8fdfb8fd38 (::1) 2.00ms
Sat, 11 Jun 2016 13:59:43 web.py[line:1946] INFO 200 GET /index2 (::1) 12.01ms
Sat, 11 Jun 2016 13:59:44 web.py[line:1946] INFO 304 GET /static/common/css/bootstrap.min.css?v=3bb1820bf7402fd98b3e491feffcd296 (::1) 1.00ms
Sat, 11 Jun 2016 13:59:44 web.py[line:1946] INFO 304 GET /static/common/css/font-awesome.min.css?v=282d915a828fc8d551d936242bc60ef0 (::1) 2.00ms
Sat, 11 Jun 2016 13:59:44 web.py[line:1946] INFO 304 GET /static/home/css/base.css?v=304b73da673f2f40e1acdd0f70b20651 (::1) 2.00ms
Sat, 11 Jun 2016 13:59:44 web.py[line:1946] INFO 304 GET /static/common/plugins/bootstrap-validator/bootstrapValidator.min.css?v=6ec6e645b227b06204ea7803bfc4ff71 (::1) 2.00ms
Sat, 11 Jun 2016 13:59:44 web.py[line:1946] INFO 304 GET /static/common/plugins/bootstrap-fileinput/css/fileinput.min.css?v=6dd4d49828b442e812b824c983689017 (::1) 1.00ms
Sat, 11 Jun 2016 13:59:44 web.py[line:1946] INFO 200 GET /static/home/css/index.css?v=6105cbd36e7b698366aa063929f88cf6 (::1) 2.00ms
Sat, 11 Jun 2016 13:59:44 web.py[line:1946] INFO 304 GET /static/common/js/jquery.min.js?v=9a094379d98c6458d480ad5a51c4aa27 (::1) 3.00ms
Sat, 11 Jun 2016 13:59:44 web.py[line:1946] INFO 304 GET /static/common/js/bootstrap.min.js?v=e7d9a06cf9053c51cd4ad3386da0659a (::1) 2.00ms
Sat, 11 Jun 2016 13:59:44 web.py[line:1946] INFO 304 GET /static/common/plugins/bootstrap-validator/bootstrapValidator.js?v=4467ba1294e7dcbd123adc8fdfb8fd38 (::1) 1.00ms
Sat, 11 Jun 2016 14:00:05 web.py[line:1946] INFO 200 GET /index2 (::1) 13.01ms
Sat, 11 Jun 2016 14:00:05 web.py[line:1946] INFO 304 GET /static/common/css/bootstrap.min.css?v=3bb1820bf7402fd98b3e491feffcd296 (::1) 2.00ms
Sat, 11 Jun 2016 14:00:05 web.py[line:1946] INFO 304 GET /static/common/css/font-awesome.min.css?v=282d915a828fc8d551d936242bc60ef0 (::1) 2.00ms
Sat, 11 Jun 2016 14:00:05 web.py[line:1946] INFO 304 GET /static/home/css/base.css?v=304b73da673f2f40e1acdd0f70b20651 (::1) 2.00ms
Sat, 11 Jun 2016 14:00:05 web.py[line:1946] INFO 304 GET /static/common/plugins/bootstrap-validator/bootstrapValidator.min.css?v=6ec6e645b227b06204ea7803bfc4ff71 (::1) 2.00ms
Sat, 11 Jun 2016 14:00:05 web.py[line:1946] INFO 304 GET /static/common/plugins/bootstrap-fileinput/css/fileinput.min.css?v=6dd4d49828b442e812b824c983689017 (::1) 2.00ms
Sat, 11 Jun 2016 14:00:05 web.py[line:1946] INFO 304 GET /static/home/css/index.css?v=6105cbd36e7b698366aa063929f88cf6 (::1) 2.00ms
Sat, 11 Jun 2016 14:00:05 web.py[line:1946] INFO 304 GET /static/common/js/jquery.min.js?v=9a094379d98c6458d480ad5a51c4aa27 (::1) 2.00ms
Sat, 11 Jun 2016 14:00:05 web.py[line:1946] INFO 304 GET /static/common/js/bootstrap.min.js?v=e7d9a06cf9053c51cd4ad3386da0659a (::1) 2.00ms
Sat, 11 Jun 2016 14:00:05 web.py[line:1946] INFO 304 GET /static/common/plugins/bootstrap-validator/bootstrapValidator.js?v=4467ba1294e7dcbd123adc8fdfb8fd38 (::1) 2.00ms
Sat, 11 Jun 2016 14:00:21 web.py[line:1946] INFO 200 GET /index2 (::1) 10.01ms
Sat, 11 Jun 2016 14:00:21 web.py[line:1946] INFO 304 GET /static/common/css/bootstrap.min.css?v=3bb1820bf7402fd98b3e491feffcd296 (::1) 2.00ms
Sat, 11 Jun 2016 14:00:21 web.py[line:1946] INFO 304 GET /static/common/css/font-awesome.min.css?v=282d915a828fc8d551d936242bc60ef0 (::1) 2.00ms
Sat, 11 Jun 2016 14:00:21 web.py[line:1946] INFO 304 GET /static/home/css/base.css?v=304b73da673f2f40e1acdd0f70b20651 (::1) 1.00ms
Sat, 11 Jun 2016 14:00:21 web.py[line:1946] INFO 304 GET /static/common/plugins/bootstrap-validator/bootstrapValidator.min.css?v=6ec6e645b227b06204ea7803bfc4ff71 (::1) 1.00ms
Sat, 11 Jun 2016 14:00:21 web.py[line:1946] INFO 304 GET /static/common/plugins/bootstrap-fileinput/css/fileinput.min.css?v=6dd4d49828b442e812b824c983689017 (::1) 2.00ms
Sat, 11 Jun 2016 14:00:21 web.py[line:1946] INFO 200 GET /static/home/css/index.css?v=58d29a19e9e7c77433f3b186c81aa5aa (::1) 2.00ms
Sat, 11 Jun 2016 14:00:21 web.py[line:1946] INFO 304 GET /static/common/js/jquery.min.js?v=9a094379d98c6458d480ad5a51c4aa27 (::1) 2.00ms
Sat, 11 Jun 2016 14:00:21 web.py[line:1946] INFO 304 GET /static/common/js/bootstrap.min.js?v=e7d9a06cf9053c51cd4ad3386da0659a (::1) 1.00ms
Sat, 11 Jun 2016 14:00:21 web.py[line:1946] INFO 304 GET /static/common/plugins/bootstrap-validator/bootstrapValidator.js?v=4467ba1294e7dcbd123adc8fdfb8fd38 (::1) 2.00ms
Sat, 11 Jun 2016 14:02:16 web.py[line:1946] INFO 200 GET /index2 (::1) 13.01ms
Sat, 11 Jun 2016 14:02:16 web.py[line:1946] INFO 304 GET /static/common/css/bootstrap.min.css?v=3bb1820bf7402fd98b3e491feffcd296 (::1) 3.00ms
Sat, 11 Jun 2016 14:02:16 web.py[line:1946] INFO 304 GET /static/common/css/font-awesome.min.css?v=282d915a828fc8d551d936242bc60ef0 (::1) 1.00ms
Sat, 11 Jun 2016 14:02:16 web.py[line:1946] INFO 304 GET /static/home/css/base.css?v=304b73da673f2f40e1acdd0f70b20651 (::1) 1.00ms
Sat, 11 Jun 2016 14:02:16 web.py[line:1946] INFO 304 GET /static/common/plugins/bootstrap-validator/bootstrapValidator.min.css?v=6ec6e645b227b06204ea7803bfc4ff71 (::1) 2.00ms
Sat, 11 Jun 2016 14:02:16 web.py[line:1946] INFO 304 GET /static/common/plugins/bootstrap-fileinput/css/fileinput.min.css?v=6dd4d49828b442e812b824c983689017 (::1) 2.00ms
Sat, 11 Jun 2016 14:02:16 web.py[line:1946] INFO 304 GET /static/home/css/index.css?v=58d29a19e9e7c77433f3b186c81aa5aa (::1) 1.00ms
Sat, 11 Jun 2016 14:02:16 web.py[line:1946] INFO 304 GET /static/common/js/jquery.min.js?v=9a094379d98c6458d480ad5a51c4aa27 (::1) 3.00ms
Sat, 11 Jun 2016 14:02:16 web.py[line:1946] INFO 304 GET /static/common/js/bootstrap.min.js?v=e7d9a06cf9053c51cd4ad3386da0659a (::1) 1.00ms
Sat, 11 Jun 2016 14:02:16 web.py[line:1946] INFO 304 GET /static/common/plugins/bootstrap-validator/bootstrapValidator.js?v=4467ba1294e7dcbd123adc8fdfb8fd38 (::1) 2.00ms
Sat, 11 Jun 2016 14:02:34 web.py[line:1946] INFO 200 GET /index2 (::1) 16.01ms
Sat, 11 Jun 2016 14:02:34 web.py[line:1946] INFO 304 GET /static/common/css/bootstrap.min.css?v=3bb1820bf7402fd98b3e491feffcd296 (::1) 2.00ms
Sat, 11 Jun 2016 14:02:34 web.py[line:1946] INFO 304 GET /static/common/css/font-awesome.min.css?v=282d915a828fc8d551d936242bc60ef0 (::1) 2.00ms
Sat, 11 Jun 2016 14:02:34 web.py[line:1946] INFO 304 GET /static/home/css/base.css?v=304b73da673f2f40e1acdd0f70b20651 (::1) 2.00ms
Sat, 11 Jun 2016 14:02:34 web.py[line:1946] INFO 304 GET /static/common/plugins/bootstrap-validator/bootstrapValidator.min.css?v=6ec6e645b227b06204ea7803bfc4ff71 (::1) 2.00ms
Sat, 11 Jun 2016 14:02:34 web.py[line:1946] INFO 304 GET /static/common/plugins/bootstrap-fileinput/css/fileinput.min.css?v=6dd4d49828b442e812b824c983689017 (::1) 1.00ms
Sat, 11 Jun 2016 14:02:34 web.py[line:1946] INFO 304 GET /static/home/css/index.css?v=58d29a19e9e7c77433f3b186c81aa5aa (::1) 2.00ms
Sat, 11 Jun 2016 14:02:34 web.py[line:1946] INFO 304 GET /static/common/js/jquery.min.js?v=9a094379d98c6458d480ad5a51c4aa27 (::1) 1.00ms
Sat, 11 Jun 2016 14:02:34 web.py[line:1946] INFO 304 GET /static/common/js/bootstrap.min.js?v=e7d9a06cf9053c51cd4ad3386da0659a (::1) 1.00ms
Sat, 11 Jun 2016 14:02:34 web.py[line:1946] INFO 304 GET /static/common/plugins/bootstrap-validator/bootstrapValidator.js?v=4467ba1294e7dcbd123adc8fdfb8fd38 (::1) 1.00ms
Sat, 11 Jun 2016 14:03:01 web.py[line:1946] INFO 200 GET /index2 (::1) 9.01ms
Sat, 11 Jun 2016 14:03:01 web.py[line:1946] INFO 304 GET /static/common/css/bootstrap.min.css?v=3bb1820bf7402fd98b3e491feffcd296 (::1) 2.00ms
Sat, 11 Jun 2016 14:03:01 web.py[line:1946] INFO 304 GET /static/common/css/font-awesome.min.css?v=282d915a828fc8d551d936242bc60ef0 (::1) 2.00ms
Sat, 11 Jun 2016 14:03:01 web.py[line:1946] INFO 304 GET /static/home/css/base.css?v=304b73da673f2f40e1acdd0f70b20651 (::1) 1.00ms
Sat, 11 Jun 2016 14:03:01 web.py[line:1946] INFO 304 GET /static/common/plugins/bootstrap-validator/bootstrapValidator.min.css?v=6ec6e645b227b06204ea7803bfc4ff71 (::1) 1.00ms
Sat, 11 Jun 2016 14:03:01 web.py[line:1946] INFO 304 GET /static/common/plugins/bootstrap-fileinput/css/fileinput.min.css?v=6dd4d49828b442e812b824c983689017 (::1) 1.00ms
Sat, 11 Jun 2016 14:03:01 web.py[line:1946] INFO 304 GET /static/home/css/index.css?v=58d29a19e9e7c77433f3b186c81aa5aa (::1) 1.00ms
Sat, 11 Jun 2016 14:03:01 web.py[line:1946] INFO 304 GET /static/common/js/jquery.min.js?v=9a094379d98c6458d480ad5a51c4aa27 (::1) 2.00ms
Sat, 11 Jun 2016 14:03:01 web.py[line:1946] INFO 304 GET /static/common/js/bootstrap.min.js?v=e7d9a06cf9053c51cd4ad3386da0659a (::1) 1.00ms
Sat, 11 Jun 2016 14:03:01 web.py[line:1946] INFO 304 GET /static/common/plugins/bootstrap-validator/bootstrapValidator.js?v=4467ba1294e7dcbd123adc8fdfb8fd38 (::1) 2.00ms
Sat, 11 Jun 2016 14:03:24 web.py[line:1946] INFO 200 GET /index2 (::1) 9.01ms
Sat, 11 Jun 2016 14:03:24 web.py[line:1946] INFO 304 GET /static/common/css/bootstrap.min.css?v=3bb1820bf7402fd98b3e491feffcd296 (::1) 3.00ms
Sat, 11 Jun 2016 14:03:24 web.py[line:1946] INFO 304 GET /static/common/css/font-awesome.min.css?v=282d915a828fc8d551d936242bc60ef0 (::1) 2.00ms
Sat, 11 Jun 2016 14:03:24 web.py[line:1946] INFO 304 GET /static/home/css/base.css?v=304b73da673f2f40e1acdd0f70b20651 (::1) 2.00ms
Sat, 11 Jun 2016 14:03:24 web.py[line:1946] INFO 304 GET /static/common/plugins/bootstrap-validator/bootstrapValidator.min.css?v=6ec6e645b227b06204ea7803bfc4ff71 (::1) 2.00ms
Sat, 11 Jun 2016 14:03:24 web.py[line:1946] INFO 304 GET /static/common/plugins/bootstrap-fileinput/css/fileinput.min.css?v=6dd4d49828b442e812b824c983689017 (::1) 2.00ms
Sat, 11 Jun 2016 14:03:24 web.py[line:1946] INFO 304 GET /static/home/css/index.css?v=58d29a19e9e7c77433f3b186c81aa5aa (::1) 2.00ms
Sat, 11 Jun 2016 14:03:24 web.py[line:1946] INFO 304 GET /static/common/js/jquery.min.js?v=9a094379d98c6458d480ad5a51c4aa27 (::1) 2.00ms
Sat, 11 Jun 2016 14:03:24 web.py[line:1946] INFO 304 GET /static/common/js/bootstrap.min.js?v=e7d9a06cf9053c51cd4ad3386da0659a (::1) 2.00ms
Sat, 11 Jun 2016 14:03:24 web.py[line:1946] INFO 304 GET /static/common/plugins/bootstrap-validator/bootstrapValidator.js?v=4467ba1294e7dcbd123adc8fdfb8fd38 (::1) 1.00ms
Sat, 11 Jun 2016 14:06:14 web.py[line:1946] INFO 200 GET /index2 (::1) 10.01ms
Sat, 11 Jun 2016 14:06:15 web.py[line:1946] INFO 304 GET /static/common/css/bootstrap.min.css?v=3bb1820bf7402fd98b3e491feffcd296 (::1) 1.00ms
Sat, 11 Jun 2016 14:06:15 web.py[line:1946] INFO 304 GET /static/common/css/font-awesome.min.css?v=282d915a828fc8d551d936242bc60ef0 (::1) 1.00ms
Sat, 11 Jun 2016 14:06:15 web.py[line:1946] INFO 304 GET /static/home/css/base.css?v=304b73da673f2f40e1acdd0f70b20651 (::1) 2.00ms
Sat, 11 Jun 2016 14:06:15 web.py[line:1946] INFO 304 GET /static/common/plugins/bootstrap-validator/bootstrapValidator.min.css?v=6ec6e645b227b06204ea7803bfc4ff71 (::1) 2.00ms
Sat, 11 Jun 2016 14:06:15 web.py[line:1946] INFO 304 GET /static/common/plugins/bootstrap-fileinput/css/fileinput.min.css?v=6dd4d49828b442e812b824c983689017 (::1) 1.00ms
Sat, 11 Jun 2016 14:06:15 web.py[line:1946] INFO 304 GET /static/common/js/jquery.min.js?v=9a094379d98c6458d480ad5a51c4aa27 (::1) 1.00ms
Sat, 11 Jun 2016 14:06:15 web.py[line:1946] INFO 304 GET /static/home/css/index.css?v=58d29a19e9e7c77433f3b186c81aa5aa (::1) 1.00ms
Sat, 11 Jun 2016 14:06:15 web.py[line:1946] INFO 304 GET /static/common/js/bootstrap.min.js?v=e7d9a06cf9053c51cd4ad3386da0659a (::1) 1.00ms
Sat, 11 Jun 2016 14:06:15 web.py[line:1946] INFO 304 GET /static/common/plugins/bootstrap-validator/bootstrapValidator.js?v=4467ba1294e7dcbd123adc8fdfb8fd38 (::1) 1.00ms
Sat, 11 Jun 2016 14:06:34 web.py[line:1946] INFO 200 GET /index2 (::1) 11.00ms
Sat, 11 Jun 2016 14:06:35 web.py[line:1946] INFO 304 GET /static/common/css/bootstrap.min.css?v=3bb1820bf7402fd98b3e491feffcd296 (::1) 2.00ms
Sat, 11 Jun 2016 14:06:35 web.py[line:1946] INFO 304 GET /static/common/css/font-awesome.min.css?v=282d915a828fc8d551d936242bc60ef0 (::1) 2.00ms
Sat, 11 Jun 2016 14:06:35 web.py[line:1946] INFO 304 GET /static/home/css/base.css?v=304b73da673f2f40e1acdd0f70b20651 (::1) 2.00ms
Sat, 11 Jun 2016 14:06:35 web.py[line:1946] INFO 304 GET /static/common/plugins/bootstrap-validator/bootstrapValidator.min.css?v=6ec6e645b227b06204ea7803bfc4ff71 (::1) 1.00ms
Sat, 11 Jun 2016 14:06:35 web.py[line:1946] INFO 304 GET /static/common/plugins/bootstrap-fileinput/css/fileinput.min.css?v=6dd4d49828b442e812b824c983689017 (::1) 2.00ms
Sat, 11 Jun 2016 14:06:35 web.py[line:1946] INFO 304 GET /static/home/css/index.css?v=58d29a19e9e7c77433f3b186c81aa5aa (::1) 1.00ms
Sat, 11 Jun 2016 14:06:35 web.py[line:1946] INFO 304 GET /static/common/plugins/bootstrap-validator/bootstrapValidator.js?v=4467ba1294e7dcbd123adc8fdfb8fd38 (::1) 2.00ms
Sat, 11 Jun 2016 14:06:35 web.py[line:1946] INFO 304 GET /static/common/js/jquery.min.js?v=9a094379d98c6458d480ad5a51c4aa27 (::1) 1.00ms
Sat, 11 Jun 2016 14:06:35 web.py[line:1946] INFO 304 GET /static/common/js/bootstrap.min.js?v=e7d9a06cf9053c51cd4ad3386da0659a (::1) 2.00ms
Sat, 11 Jun 2016 14:07:37 web.py[line:1946] INFO 200 GET /index2 (::1) 9.01ms
Sat, 11 Jun 2016 14:07:37 web.py[line:1946] INFO 304 GET /static/common/css/bootstrap.min.css?v=3bb1820bf7402fd98b3e491feffcd296 (::1) 2.00ms
Sat, 11 Jun 2016 14:07:37 web.py[line:1946] INFO 304 GET /static/common/css/font-awesome.min.css?v=282d915a828fc8d551d936242bc60ef0 (::1) 1.00ms
Sat, 11 Jun 2016 14:07:37 web.py[line:1946] INFO 304 GET /static/home/css/base.css?v=304b73da673f2f40e1acdd0f70b20651 (::1) 2.00ms
Sat, 11 Jun 2016 14:07:37 web.py[line:1946] INFO 304 GET /static/common/plugins/bootstrap-validator/bootstrapValidator.min.css?v=6ec6e645b227b06204ea7803bfc4ff71 (::1) 1.00ms
Sat, 11 Jun 2016 14:07:37 web.py[line:1946] INFO 304 GET /static/common/plugins/bootstrap-fileinput/css/fileinput.min.css?v=6dd4d49828b442e812b824c983689017 (::1) 1.00ms
Sat, 11 Jun 2016 14:07:37 web.py[line:1946] INFO 304 GET /static/home/css/index.css?v=58d29a19e9e7c77433f3b186c81aa5aa (::1) 1.00ms
Sat, 11 Jun 2016 14:07:37 web.py[line:1946] INFO 304 GET /static/common/js/jquery.min.js?v=9a094379d98c6458d480ad5a51c4aa27 (::1) 3.00ms
Sat, 11 Jun 2016 14:07:37 web.py[line:1946] INFO 304 GET /static/common/js/bootstrap.min.js?v=e7d9a06cf9053c51cd4ad3386da0659a (::1) 2.00ms
Sat, 11 Jun 2016 14:07:37 web.py[line:1946] INFO 304 GET /static/common/plugins/bootstrap-validator/bootstrapValidator.js?v=4467ba1294e7dcbd123adc8fdfb8fd38 (::1) 2.00ms
Sat, 11 Jun 2016 14:08:01 web.py[line:1946] INFO 200 GET /index2 (::1) 11.18ms
Sat, 11 Jun 2016 14:08:01 web.py[line:1946] INFO 304 GET /static/common/css/bootstrap.min.css?v=3bb1820bf7402fd98b3e491feffcd296 (::1) 1.00ms
Sat, 11 Jun 2016 14:08:01 web.py[line:1946] INFO 304 GET /static/common/css/font-awesome.min.css?v=282d915a828fc8d551d936242bc60ef0 (::1) 2.00ms
Sat, 11 Jun 2016 14:08:01 web.py[line:1946] INFO 304 GET /static/home/css/base.css?v=304b73da673f2f40e1acdd0f70b20651 (::1) 2.00ms
Sat, 11 Jun 2016 14:08:01 web.py[line:1946] INFO 304 GET /static/common/plugins/bootstrap-validator/bootstrapValidator.min.css?v=6ec6e645b227b06204ea7803bfc4ff71 (::1) 1.00ms
Sat, 11 Jun 2016 14:08:01 web.py[line:1946] INFO 304 GET /static/common/plugins/bootstrap-fileinput/css/fileinput.min.css?v=6dd4d49828b442e812b824c983689017 (::1) 1.00ms
Sat, 11 Jun 2016 14:08:01 web.py[line:1946] INFO 304 GET /static/home/css/index.css?v=58d29a19e9e7c77433f3b186c81aa5aa (::1) 2.00ms
Sat, 11 Jun 2016 14:08:01 web.py[line:1946] INFO 304 GET /static/common/js/jquery.min.js?v=9a094379d98c6458d480ad5a51c4aa27 (::1) 2.00ms
Sat, 11 Jun 2016 14:08:01 web.py[line:1946] INFO 304 GET /static/common/js/bootstrap.min.js?v=e7d9a06cf9053c51cd4ad3386da0659a (::1) 1.00ms
Sat, 11 Jun 2016 14:08:01 web.py[line:1946] INFO 304 GET /static/common/plugins/bootstrap-validator/bootstrapValidator.js?v=4467ba1294e7dcbd123adc8fdfb8fd38 (::1) 1.00ms
Sat, 11 Jun 2016 14:08:47 web.py[line:1946] INFO 200 GET /index2 (::1) 13.08ms
Sat, 11 Jun 2016 14:08:47 web.py[line:1946] INFO 304 GET /static/common/css/bootstrap.min.css?v=3bb1820bf7402fd98b3e491feffcd296 (::1) 2.10ms
Sat, 11 Jun 2016 14:08:47 web.py[line:1946] INFO 304 GET /static/common/css/font-awesome.min.css?v=282d915a828fc8d551d936242bc60ef0 (::1) 1.00ms
Sat, 11 Jun 2016 14:08:47 web.py[line:1946] INFO 304 GET /static/home/css/base.css?v=304b73da673f2f40e1acdd0f70b20651 (::1) 1.00ms
Sat, 11 Jun 2016 14:08:47 web.py[line:1946] INFO 304 GET /static/common/plugins/bootstrap-validator/bootstrapValidator.min.css?v=6ec6e645b227b06204ea7803bfc4ff71 (::1) 1.00ms
Sat, 11 Jun 2016 14:08:47 web.py[line:1946] INFO 304 GET /static/common/plugins/bootstrap-fileinput/css/fileinput.min.css?v=6dd4d49828b442e812b824c983689017 (::1) 1.00ms
Sat, 11 Jun 2016 14:08:47 web.py[line:1946] INFO 304 GET /static/home/css/index.css?v=58d29a19e9e7c77433f3b186c81aa5aa (::1) 1.00ms
Sat, 11 Jun 2016 14:08:47 web.py[line:1946] INFO 304 GET /static/common/js/jquery.min.js?v=9a094379d98c6458d480ad5a51c4aa27 (::1) 2.00ms
Sat, 11 Jun 2016 14:08:47 web.py[line:1946] INFO 304 GET /static/common/js/bootstrap.min.js?v=e7d9a06cf9053c51cd4ad3386da0659a (::1) 1.00ms
Sat, 11 Jun 2016 14:08:47 web.py[line:1946] INFO 304 GET /static/common/plugins/bootstrap-validator/bootstrapValidator.js?v=4467ba1294e7dcbd123adc8fdfb8fd38 (::1) 1.00ms
Sat, 11 Jun 2016 14:09:10 web.py[line:1946] INFO 200 GET /index2 (::1) 9.16ms
Sat, 11 Jun 2016 14:09:10 web.py[line:1946] INFO 304 GET /static/common/css/bootstrap.min.css?v=3bb1820bf7402fd98b3e491feffcd296 (::1) 2.14ms
Sat, 11 Jun 2016 14:09:10 web.py[line:1946] INFO 304 GET /static/common/css/font-awesome.min.css?v=282d915a828fc8d551d936242bc60ef0 (::1) 2.00ms
Sat, 11 Jun 2016 14:09:10 web.py[line:1946] INFO 304 GET /static/home/css/base.css?v=304b73da673f2f40e1acdd0f70b20651 (::1) 1.00ms
Sat, 11 Jun 2016 14:09:10 web.py[line:1946] INFO 304 GET /static/common/plugins/bootstrap-validator/bootstrapValidator.min.css?v=6ec6e645b227b06204ea7803bfc4ff71 (::1) 1.00ms
Sat, 11 Jun 2016 14:09:10 web.py[line:1946] INFO 304 GET /static/common/plugins/bootstrap-fileinput/css/fileinput.min.css?v=6dd4d49828b442e812b824c983689017 (::1) 1.00ms
Sat, 11 Jun 2016 14:09:10 web.py[line:1946] INFO 304 GET /static/home/css/index.css?v=58d29a19e9e7c77433f3b186c81aa5aa (::1) 1.00ms
Sat, 11 Jun 2016 14:09:10 web.py[line:1946] INFO 304 GET /static/common/js/jquery.min.js?v=9a094379d98c6458d480ad5a51c4aa27 (::1) 1.00ms
Sat, 11 Jun 2016 14:09:10 web.py[line:1946] INFO 304 GET /static/common/js/bootstrap.min.js?v=e7d9a06cf9053c51cd4ad3386da0659a (::1) 1.07ms
Sat, 11 Jun 2016 14:09:10 web.py[line:1946] INFO 304 GET /static/common/plugins/bootstrap-validator/bootstrapValidator.js?v=4467ba1294e7dcbd123adc8fdfb8fd38 (::1) 2.08ms
Sat, 11 Jun 2016 14:09:30 web.py[line:1946] INFO 200 GET /index2 (::1) 11.28ms
Sat, 11 Jun 2016 14:09:31 web.py[line:1946] INFO 304 GET /static/common/css/bootstrap.min.css?v=3bb1820bf7402fd98b3e491feffcd296 (::1) 1.00ms
Sat, 11 Jun 2016 14:09:31 web.py[line:1946] INFO 304 GET /static/common/css/font-awesome.min.css?v=282d915a828fc8d551d936242bc60ef0 (::1) 2.01ms
Sat, 11 Jun 2016 14:09:31 web.py[line:1946] INFO 304 GET /static/home/css/base.css?v=304b73da673f2f40e1acdd0f70b20651 (::1) 3.01ms
Sat, 11 Jun 2016 14:09:31 web.py[line:1946] INFO 304 GET /static/common/plugins/bootstrap-validator/bootstrapValidator.min.css?v=6ec6e645b227b06204ea7803bfc4ff71 (::1) 1.07ms
Sat, 11 Jun 2016 14:09:31 web.py[line:1946] INFO 304 GET /static/common/plugins/bootstrap-fileinput/css/fileinput.min.css?v=6dd4d49828b442e812b824c983689017 (::1) 2.00ms
Sat, 11 Jun 2016 14:09:31 web.py[line:1946] INFO 304 GET /static/home/css/index.css?v=58d29a19e9e7c77433f3b186c81aa5aa (::1) 1.06ms
Sat, 11 Jun 2016 14:09:31 web.py[line:1946] INFO 304 GET /static/common/js/jquery.min.js?v=9a094379d98c6458d480ad5a51c4aa27 (::1) 1.00ms
Sat, 11 Jun 2016 14:09:31 web.py[line:1946] INFO 304 GET /static/common/js/bootstrap.min.js?v=e7d9a06cf9053c51cd4ad3386da0659a (::1) 2.08ms
Sat, 11 Jun 2016 14:09:31 web.py[line:1946] INFO 304 GET /static/common/plugins/bootstrap-validator/bootstrapValidator.js?v=4467ba1294e7dcbd123adc8fdfb8fd38 (::1) 3.07ms
Sat, 11 Jun 2016 14:10:16 web.py[line:1946] INFO 200 GET /index2 (::1) 12.17ms
Sat, 11 Jun 2016 14:10:16 web.py[line:1946] INFO 304 GET /static/common/css/bootstrap.min.css?v=3bb1820bf7402fd98b3e491feffcd296 (::1) 2.00ms
Sat, 11 Jun 2016 14:10:16 web.py[line:1946] INFO 304 GET /static/common/css/font-awesome.min.css?v=282d915a828fc8d551d936242bc60ef0 (::1) 2.06ms
Sat, 11 Jun 2016 14:10:16 web.py[line:1946] INFO 304 GET /static/home/css/base.css?v=304b73da673f2f40e1acdd0f70b20651 (::1) 1.00ms
Sat, 11 Jun 2016 14:10:16 web.py[line:1946] INFO 304 GET /static/common/plugins/bootstrap-validator/bootstrapValidator.min.css?v=6ec6e645b227b06204ea7803bfc4ff71 (::1) 1.00ms
Sat, 11 Jun 2016 14:10:16 web.py[line:1946] INFO 304 GET /static/common/plugins/bootstrap-fileinput/css/fileinput.min.css?v=6dd4d49828b442e812b824c983689017 (::1) 1.00ms
Sat, 11 Jun 2016 14:10:16 web.py[line:1946] INFO 304 GET /static/home/css/index.css?v=58d29a19e9e7c77433f3b186c81aa5aa (::1) 2.00ms
Sat, 11 Jun 2016 14:10:16 web.py[line:1946] INFO 304 GET /static/common/js/jquery.min.js?v=9a094379d98c6458d480ad5a51c4aa27 (::1) 1.00ms
Sat, 11 Jun 2016 14:10:16 web.py[line:1946] INFO 304 GET /static/common/js/bootstrap.min.js?v=e7d9a06cf9053c51cd4ad3386da0659a (::1) 1.00ms
Sat, 11 Jun 2016 14:10:16 web.py[line:1946] INFO 304 GET /static/common/plugins/bootstrap-validator/bootstrapValidator.js?v=4467ba1294e7dcbd123adc8fdfb8fd38 (::1) 2.21ms
Sat, 11 Jun 2016 14:11:51 web.py[line:1946] INFO 200 GET /index2 (::1) 9.00ms
Sat, 11 Jun 2016 14:11:51 web.py[line:1946] INFO 304 GET /static/common/css/bootstrap.min.css?v=3bb1820bf7402fd98b3e491feffcd296 (::1) 2.00ms
Sat, 11 Jun 2016 14:11:51 web.py[line:1946] INFO 304 GET /static/common/css/font-awesome.min.css?v=282d915a828fc8d551d936242bc60ef0 (::1) 1.00ms
Sat, 11 Jun 2016 14:11:51 web.py[line:1946] INFO 304 GET /static/home/css/base.css?v=304b73da673f2f40e1acdd0f70b20651 (::1) 2.00ms
Sat, 11 Jun 2016 14:11:51 web.py[line:1946] INFO 304 GET /static/common/plugins/bootstrap-validator/bootstrapValidator.min.css?v=6ec6e645b227b06204ea7803bfc4ff71 (::1) 1.00ms
Sat, 11 Jun 2016 14:11:51 web.py[line:1946] INFO 304 GET /static/common/plugins/bootstrap-fileinput/css/fileinput.min.css?v=6dd4d49828b442e812b824c983689017 (::1) 1.00ms
Sat, 11 Jun 2016 14:11:51 web.py[line:1946] INFO 304 GET /static/home/css/index.css?v=58d29a19e9e7c77433f3b186c81aa5aa (::1) 2.00ms
Sat, 11 Jun 2016 14:11:51 web.py[line:1946] INFO 304 GET /static/common/js/jquery.min.js?v=9a094379d98c6458d480ad5a51c4aa27 (::1) 2.00ms
Sat, 11 Jun 2016 14:11:51 web.py[line:1946] INFO 304 GET /static/common/js/bootstrap.min.js?v=e7d9a06cf9053c51cd4ad3386da0659a (::1) 2.01ms
Sat, 11 Jun 2016 14:11:51 web.py[line:1946] INFO 304 GET /static/common/plugins/bootstrap-validator/bootstrapValidator.js?v=4467ba1294e7dcbd123adc8fdfb8fd38 (::1) 2.00ms
Sat, 11 Jun 2016 14:13:15 web.py[line:1946] INFO 200 GET /index2 (::1) 11.01ms
Sat, 11 Jun 2016 14:13:15 web.py[line:1946] INFO 304 GET /static/common/css/bootstrap.min.css?v=3bb1820bf7402fd98b3e491feffcd296 (::1) 2.00ms
Sat, 11 Jun 2016 14:13:15 web.py[line:1946] INFO 304 GET /static/common/css/font-awesome.min.css?v=282d915a828fc8d551d936242bc60ef0 (::1) 2.00ms
Sat, 11 Jun 2016 14:13:15 web.py[line:1946] INFO 304 GET /static/home/css/base.css?v=304b73da673f2f40e1acdd0f70b20651 (::1) 2.00ms
Sat, 11 Jun 2016 14:13:15 web.py[line:1946] INFO 304 GET /static/common/plugins/bootstrap-validator/bootstrapValidator.min.css?v=6ec6e645b227b06204ea7803bfc4ff71 (::1) 1.00ms
Sat, 11 Jun 2016 14:13:15 web.py[line:1946] INFO 304 GET /static/common/plugins/bootstrap-fileinput/css/fileinput.min.css?v=6dd4d49828b442e812b824c983689017 (::1) 1.00ms
Sat, 11 Jun 2016 14:13:15 web.py[line:1946] INFO 304 GET /static/common/js/bootstrap.min.js?v=e7d9a06cf9053c51cd4ad3386da0659a (::1) 1.00ms
Sat, 11 Jun 2016 14:13:15 web.py[line:1946] INFO 304 GET /static/common/plugins/bootstrap-validator/bootstrapValidator.js?v=4467ba1294e7dcbd123adc8fdfb8fd38 (::1) 1.00ms
Sat, 11 Jun 2016 14:13:15 web.py[line:1946] INFO 304 GET /static/home/css/index.css?v=58d29a19e9e7c77433f3b186c81aa5aa (::1) 1.00ms
Sat, 11 Jun 2016 14:13:15 web.py[line:1946] INFO 304 GET /static/common/js/jquery.min.js?v=9a094379d98c6458d480ad5a51c4aa27 (::1) 1.00ms
Sat, 11 Jun 2016 14:13:47 web.py[line:1946] INFO 200 GET /index2 (::1) 10.01ms
Sat, 11 Jun 2016 14:13:47 web.py[line:1946] INFO 304 GET /static/common/css/bootstrap.min.css?v=3bb1820bf7402fd98b3e491feffcd296 (::1) 2.00ms
Sat, 11 Jun 2016 14:13:47 web.py[line:1946] INFO 304 GET /static/common/css/font-awesome.min.css?v=282d915a828fc8d551d936242bc60ef0 (::1) 1.00ms
Sat, 11 Jun 2016 14:13:47 web.py[line:1946] INFO 304 GET /static/home/css/base.css?v=304b73da673f2f40e1acdd0f70b20651 (::1) 1.00ms
Sat, 11 Jun 2016 14:13:47 web.py[line:1946] INFO 304 GET /static/common/plugins/bootstrap-validator/bootstrapValidator.min.css?v=6ec6e645b227b06204ea7803bfc4ff71 (::1) 1.00ms
Sat, 11 Jun 2016 14:13:47 web.py[line:1946] INFO 304 GET /static/common/plugins/bootstrap-fileinput/css/fileinput.min.css?v=6dd4d49828b442e812b824c983689017 (::1) 1.00ms
Sat, 11 Jun 2016 14:13:47 web.py[line:1946] INFO 304 GET /static/home/css/index.css?v=58d29a19e9e7c77433f3b186c81aa5aa (::1) 1.00ms
Sat, 11 Jun 2016 14:13:47 web.py[line:1946] INFO 304 GET /static/common/js/jquery.min.js?v=9a094379d98c6458d480ad5a51c4aa27 (::1) 1.00ms
Sat, 11 Jun 2016 14:13:47 web.py[line:1946] INFO 304 GET /static/common/js/bootstrap.min.js?v=e7d9a06cf9053c51cd4ad3386da0659a (::1) 2.00ms
Sat, 11 Jun 2016 14:13:47 web.py[line:1946] INFO 304 GET /static/common/plugins/bootstrap-validator/bootstrapValidator.js?v=4467ba1294e7dcbd123adc8fdfb8fd38 (::1) 2.00ms
Sat, 11 Jun 2016 14:13:54 web.py[line:1946] INFO 200 GET /index2 (::1) 12.01ms
Sat, 11 Jun 2016 14:13:54 web.py[line:1946] INFO 304 GET /static/common/css/bootstrap.min.css?v=3bb1820bf7402fd98b3e491feffcd296 (::1) 2.00ms
Sat, 11 Jun 2016 14:13:54 web.py[line:1946] INFO 304 GET /static/common/css/font-awesome.min.css?v=282d915a828fc8d551d936242bc60ef0 (::1) 1.00ms
Sat, 11 Jun 2016 14:13:54 web.py[line:1946] INFO 304 GET /static/home/css/base.css?v=304b73da673f2f40e1acdd0f70b20651 (::1) 2.00ms
Sat, 11 Jun 2016 14:13:54 web.py[line:1946] INFO 304 GET /static/common/plugins/bootstrap-validator/bootstrapValidator.min.css?v=6ec6e645b227b06204ea7803bfc4ff71 (::1) 2.00ms
Sat, 11 Jun 2016 14:13:54 web.py[line:1946] INFO 304 GET /static/common/plugins/bootstrap-fileinput/css/fileinput.min.css?v=6dd4d49828b442e812b824c983689017 (::1) 2.00ms
Sat, 11 Jun 2016 14:13:54 web.py[line:1946] INFO 304 GET /static/home/css/index.css?v=58d29a19e9e7c77433f3b186c81aa5aa (::1) 2.00ms
Sat, 11 Jun 2016 14:13:54 web.py[line:1946] INFO 304 GET /static/common/js/jquery.min.js?v=9a094379d98c6458d480ad5a51c4aa27 (::1) 2.00ms
Sat, 11 Jun 2016 14:13:54 web.py[line:1946] INFO 304 GET /static/common/js/bootstrap.min.js?v=e7d9a06cf9053c51cd4ad3386da0659a (::1) 1.00ms
Sat, 11 Jun 2016 14:13:54 web.py[line:1946] INFO 304 GET /static/common/plugins/bootstrap-validator/bootstrapValidator.js?v=4467ba1294e7dcbd123adc8fdfb8fd38 (::1) 2.00ms
Sat, 11 Jun 2016 14:14:05 web.py[line:1946] INFO 200 GET /index2 (::1) 11.01ms
Sat, 11 Jun 2016 14:14:06 web.py[line:1946] INFO 304 GET /static/common/css/bootstrap.min.css?v=3bb1820bf7402fd98b3e491feffcd296 (::1) 1.00ms
Sat, 11 Jun 2016 14:14:06 web.py[line:1946] INFO 304 GET /static/common/css/font-awesome.min.css?v=282d915a828fc8d551d936242bc60ef0 (::1) 2.00ms
Sat, 11 Jun 2016 14:14:06 web.py[line:1946] INFO 304 GET /static/home/css/base.css?v=304b73da673f2f40e1acdd0f70b20651 (::1) 2.00ms
Sat, 11 Jun 2016 14:14:06 web.py[line:1946] INFO 304 GET /static/common/plugins/bootstrap-validator/bootstrapValidator.min.css?v=6ec6e645b227b06204ea7803bfc4ff71 (::1) 1.00ms
Sat, 11 Jun 2016 14:14:06 web.py[line:1946] INFO 304 GET /static/common/plugins/bootstrap-fileinput/css/fileinput.min.css?v=6dd4d49828b442e812b824c983689017 (::1) 1.00ms
Sat, 11 Jun 2016 14:14:06 web.py[line:1946] INFO 304 GET /static/home/css/index.css?v=58d29a19e9e7c77433f3b186c81aa5aa (::1) 1.00ms
Sat, 11 Jun 2016 14:14:06 web.py[line:1946] INFO 304 GET /static/common/js/jquery.min.js?v=9a094379d98c6458d480ad5a51c4aa27 (::1) 2.00ms
Sat, 11 Jun 2016 14:14:06 web.py[line:1946] INFO 304 GET /static/common/js/bootstrap.min.js?v=e7d9a06cf9053c51cd4ad3386da0659a (::1) 2.00ms
Sat, 11 Jun 2016 14:14:06 web.py[line:1946] INFO 304 GET /static/common/plugins/bootstrap-validator/bootstrapValidator.js?v=4467ba1294e7dcbd123adc8fdfb8fd38 (::1) 2.00ms
Sat, 11 Jun 2016 14:14:19 web.py[line:1946] INFO 200 GET /index2 (::1) 9.01ms
Sat, 11 Jun 2016 14:14:20 web.py[line:1946] INFO 304 GET /static/common/css/bootstrap.min.css?v=3bb1820bf7402fd98b3e491feffcd296 (::1) 2.00ms
Sat, 11 Jun 2016 14:14:20 web.py[line:1946] INFO 304 GET /static/common/css/font-awesome.min.css?v=282d915a828fc8d551d936242bc60ef0 (::1) 2.00ms
Sat, 11 Jun 2016 14:14:20 web.py[line:1946] INFO 304 GET /static/home/css/base.css?v=304b73da673f2f40e1acdd0f70b20651 (::1) 1.00ms
Sat, 11 Jun 2016 14:14:20 web.py[line:1946] INFO 304 GET /static/common/plugins/bootstrap-validator/bootstrapValidator.min.css?v=6ec6e645b227b06204ea7803bfc4ff71 (::1) 1.00ms
Sat, 11 Jun 2016 14:14:20 web.py[line:1946] INFO 304 GET /static/common/plugins/bootstrap-fileinput/css/fileinput.min.css?v=6dd4d49828b442e812b824c983689017 (::1) 2.00ms
Sat, 11 Jun 2016 14:14:20 web.py[line:1946] INFO 304 GET /static/home/css/index.css?v=58d29a19e9e7c77433f3b186c81aa5aa (::1) 2.00ms
Sat, 11 Jun 2016 14:14:20 web.py[line:1946] INFO 304 GET /static/common/js/jquery.min.js?v=9a094379d98c6458d480ad5a51c4aa27 (::1) 2.00ms
Sat, 11 Jun 2016 14:14:20 web.py[line:1946] INFO 304 GET /static/common/js/bootstrap.min.js?v=e7d9a06cf9053c51cd4ad3386da0659a (::1) 2.00ms
Sat, 11 Jun 2016 14:14:20 web.py[line:1946] INFO 304 GET /static/common/plugins/bootstrap-validator/bootstrapValidator.js?v=4467ba1294e7dcbd123adc8fdfb8fd38 (::1) 3.00ms
Sat, 11 Jun 2016 14:14:27 web.py[line:1946] INFO 200 GET /index2 (::1) 16.01ms
Sat, 11 Jun 2016 14:14:27 web.py[line:1946] INFO 304 GET /static/common/css/bootstrap.min.css?v=3bb1820bf7402fd98b3e491feffcd296 (::1) 2.00ms
Sat, 11 Jun 2016 14:14:27 web.py[line:1946] INFO 304 GET /static/common/css/font-awesome.min.css?v=282d915a828fc8d551d936242bc60ef0 (::1) 2.00ms
Sat, 11 Jun 2016 14:14:27 web.py[line:1946] INFO 304 GET /static/home/css/base.css?v=304b73da673f2f40e1acdd0f70b20651 (::1) 1.00ms
Sat, 11 Jun 2016 14:14:27 web.py[line:1946] INFO 304 GET /static/common/plugins/bootstrap-validator/bootstrapValidator.min.css?v=6ec6e645b227b06204ea7803bfc4ff71 (::1) 2.00ms
Sat, 11 Jun 2016 14:14:27 web.py[line:1946] INFO 304 GET /static/common/plugins/bootstrap-fileinput/css/fileinput.min.css?v=6dd4d49828b442e812b824c983689017 (::1) 1.00ms
Sat, 11 Jun 2016 14:14:27 web.py[line:1946] INFO 304 GET /static/home/css/index.css?v=58d29a19e9e7c77433f3b186c81aa5aa (::1) 1.00ms
Sat, 11 Jun 2016 14:14:27 web.py[line:1946] INFO 304 GET /static/common/js/jquery.min.js?v=9a094379d98c6458d480ad5a51c4aa27 (::1) 1.00ms
Sat, 11 Jun 2016 14:14:27 web.py[line:1946] INFO 304 GET /static/common/js/bootstrap.min.js?v=e7d9a06cf9053c51cd4ad3386da0659a (::1) 2.00ms
Sat, 11 Jun 2016 14:14:27 web.py[line:1946] INFO 304 GET /static/common/plugins/bootstrap-validator/bootstrapValidator.js?v=4467ba1294e7dcbd123adc8fdfb8fd38 (::1) 2.00ms
Sat, 11 Jun 2016 14:14:56 web.py[line:1946] INFO 200 GET /index2 (::1) 9.01ms
Sat, 11 Jun 2016 14:14:56 web.py[line:1946] INFO 304 GET /static/common/css/bootstrap.min.css?v=3bb1820bf7402fd98b3e491feffcd296 (::1) 3.00ms
Sat, 11 Jun 2016 14:14:56 web.py[line:1946] INFO 304 GET /static/common/css/font-awesome.min.css?v=282d915a828fc8d551d936242bc60ef0 (::1) 2.00ms
Sat, 11 Jun 2016 14:14:56 web.py[line:1946] INFO 304 GET /static/home/css/base.css?v=304b73da673f2f40e1acdd0f70b20651 (::1) 1.00ms
Sat, 11 Jun 2016 14:14:56 web.py[line:1946] INFO 304 GET /static/common/plugins/bootstrap-validator/bootstrapValidator.min.css?v=6ec6e645b227b06204ea7803bfc4ff71 (::1) 2.00ms
Sat, 11 Jun 2016 14:14:56 web.py[line:1946] INFO 304 GET /static/common/plugins/bootstrap-fileinput/css/fileinput.min.css?v=6dd4d49828b442e812b824c983689017 (::1) 1.00ms
Sat, 11 Jun 2016 14:14:56 web.py[line:1946] INFO 304 GET /static/home/css/index.css?v=58d29a19e9e7c77433f3b186c81aa5aa (::1) 1.00ms
Sat, 11 Jun 2016 14:14:56 web.py[line:1946] INFO 304 GET /static/common/js/jquery.min.js?v=9a094379d98c6458d480ad5a51c4aa27 (::1) 2.00ms
Sat, 11 Jun 2016 14:14:56 web.py[line:1946] INFO 304 GET /static/common/js/bootstrap.min.js?v=e7d9a06cf9053c51cd4ad3386da0659a (::1) 1.00ms
Sat, 11 Jun 2016 14:14:56 web.py[line:1946] INFO 304 GET /static/common/plugins/bootstrap-validator/bootstrapValidator.js?v=4467ba1294e7dcbd123adc8fdfb8fd38 (::1) 2.00ms
